<?xml version="1.0" encoding="UTF-8"?>
<!-- Generated by org.testng.reporters.JUnitXMLReporter -->
<testsuite ignored="4" hostname="DESKTOP-AHQ7GT0" failures="0" tests="1" name="Default test" time="11.746" errors="0" timestamp="13 Apr 2025 17:44:55 GMT">
  <testcase classname="swaglab_test.LoginTest" name="LoginFailureTestFromExcel" time="0.969"/>
  <testcase classname="swaglab_test.LoginTest" name="LoginFailureTestFromProperties" time="0.0">
    <ignored/>
  </testcase> <!-- LoginFailureTestFromProperties -->
  <testcase classname="swaglab_test.LoginTest" name="LoginSucessTest" time="0.0">
    <ignored/>
  </testcase> <!-- LoginSucessTest -->
  <testcase classname="swaglab_test.LoginTest" name="LockedUserFailureTest" time="0.0">
    <ignored/>
  </testcase> <!-- LockedUserFailureTest -->
  <testcase classname="swaglab_test.LoginTest" name="LoginFailureTest" time="0.0">
    <ignored/>
  </testcase> <!-- LoginFailureTest -->
</testsuite> <!-- Default test -->
