<?xml version="1.0" encoding="UTF-8"?>
<testng-results ignored="4" total="5" passed="1" failed="0" skipped="0">
  <reporter-output>
  </reporter-output>
  <suite started-at="2025-04-13T17:44:44Z" name="Default suite" finished-at="2025-04-13T17:44:55Z" duration-ms="11746">
    <groups>
    </groups>
    <test started-at="2025-04-13T17:44:44Z" name="Default test" finished-at="2025-04-13T17:44:55Z" duration-ms="11746">
      <class name="swaglab_test.LoginTest">
        <test-method is-config="true" signature="SetUpExcel()[pri:0, instance:swaglab_test.LoginTest@1040be71]" started-at="2025-04-13T17:44:44Z" name="SetUpExcel" finished-at="2025-04-13T17:44:46Z" duration-ms="1893" status="PASS">
          <reporter-output>
          </reporter-output>
        </test-method> <!-- SetUpExcel -->
        <test-method is-config="true" signature="SetUp()[pri:0, instance:swaglab_test.LoginTest@1040be71]" started-at="2025-04-13T17:44:46Z" name="SetUp" finished-at="2025-04-13T17:44:54Z" duration-ms="8472" status="PASS">
          <reporter-output>
          </reporter-output>
        </test-method> <!-- SetUp -->
        <test-method signature="LoginFailureTestFromExcel()[pri:0, instance:swaglab_test.LoginTest@1040be71]" started-at="2025-04-13T17:44:54Z" name="LoginFailureTestFromExcel" finished-at="2025-04-13T17:44:55Z" duration-ms="969" status="PASS">
          <reporter-output>
          </reporter-output>
        </test-method> <!-- LoginFailureTestFromExcel -->
        <test-method is-config="true" signature="TearDown()[pri:0, instance:swaglab_test.LoginTest@1040be71]" started-at="2025-04-13T17:44:55Z" name="TearDown" finished-at="2025-04-13T17:44:55Z" duration-ms="1" status="PASS">
          <reporter-output>
          </reporter-output>
        </test-method> <!-- TearDown -->
        <test-method is-config="true" signature="CloseExcel()[pri:0, instance:swaglab_test.LoginTest@1040be71]" started-at="2025-04-13T17:44:55Z" name="CloseExcel" finished-at="2025-04-13T17:44:55Z" duration-ms="351" status="PASS">
          <reporter-output>
          </reporter-output>
        </test-method> <!-- CloseExcel -->
      </class> <!-- swaglab_test.LoginTest -->
    </test> <!-- Default test -->
  </suite> <!-- Default suite -->
</testng-results>
