<?xml version="1.0" encoding="UTF-8"?>
<!-- Generated by org.testng.reporters.JUnitXMLReporter -->
<testsuite ignored="3" hostname="DESKTOP-AHQ7GT0" failures="0" tests="1" name="SmokeTest" time="0.203" errors="0" timestamp="05 Apr 2025 17:59:29 GMT">
  <testcase classname="testng.AnnotationsExample2" name="test3" time="0.052"/>
  <testcase classname="testng.AnnotationsExample" name="test1" time="0.0">
    <ignored/>
  </testcase> <!-- test1 -->
  <testcase classname="testng.AnnotationsExample2" name="test4" time="0.0">
    <ignored/>
  </testcase> <!-- test4 -->
  <testcase classname="testng.AnnotationsExample" name="test2" time="0.0">
    <ignored/>
  </testcase> <!-- test2 -->
</testsuite> <!-- SmokeTest -->
